2019-01-02 09:38:58,236 INFO embedding_size:50, max_num_news:10,lr:0.001, batch_size:32, num_head:4, drop_out:0.0, num_step:10
2019-01-02 09:40:03,568 INFO total parameters: 3357
2019-01-02 09:40:03,568 INFO In iteration: 1
2019-01-02 09:40:59,852 INFO After 100 steps, cost is 0.69240 acc 0.48125 auc 0.47780 mcc -0.02856
2019-01-02 09:41:11,249 INFO After 200 steps, cost is 0.69567 acc 0.50313 auc 0.48527 mcc -0.01906
2019-01-02 09:41:22,439 INFO After 300 steps, cost is 0.69361 acc 0.49167 auc 0.48655 mcc -0.03426
2019-01-02 09:41:33,966 INFO After 400 steps, cost is 0.69846 acc 0.48516 auc 0.49199 mcc -0.02330
2019-01-02 09:41:45,940 INFO After 500 steps, cost is 0.68966 acc 0.48375 auc 0.49566 mcc -0.01246
2019-01-02 09:41:57,722 INFO After 600 steps, cost is 0.69168 acc 0.48646 auc 0.49690 mcc -0.01282
2019-01-02 09:42:10,627 INFO After 700 steps, cost is 0.69344 acc 0.49018 auc 0.49723 mcc -0.00976
2019-01-02 09:42:26,675 INFO After 800 steps, cost is 0.68553 acc 0.49570 auc 0.49694 mcc -0.00650
2019-01-02 09:42:39,706 INFO After 900 steps, cost is 0.70436 acc 0.49167 auc 0.49699 mcc -0.00581
2019-01-02 09:42:55,166 INFO After 1000 steps, cost is 0.69296 acc 0.49562 auc 0.49841 mcc 0.00345
2019-01-02 09:43:08,992 INFO After 1100 steps, cost is 0.69354 acc 0.49119 auc 0.49792 mcc 0.00003
2019-01-02 09:43:21,983 INFO After 1200 steps, cost is 0.69397 acc 0.49167 auc 0.49829 mcc 0.00056
2019-01-02 09:43:34,622 INFO After 1300 steps, cost is 0.69407 acc 0.49014 auc 0.49846 mcc 0.00098
2019-01-02 09:43:47,215 INFO After 1400 steps, cost is 0.69242 acc 0.49085 auc 0.49867 mcc -0.00025
2019-01-02 09:43:59,543 INFO After 1500 steps, cost is 0.68999 acc 0.49312 auc 0.49879 mcc 0.00263
2019-01-02 09:44:12,037 INFO After 1600 steps, cost is 0.69870 acc 0.49102 auc 0.49887 mcc 0.00212
2019-01-02 09:44:24,563 INFO After 1700 steps, cost is 0.68812 acc 0.49301 auc 0.49894 mcc 0.00337
2019-01-02 09:44:37,801 INFO After 1800 steps, cost is 0.69176 acc 0.49045 auc 0.49900 mcc 0.00197
2019-01-02 09:44:50,321 INFO After 1900 steps, cost is 0.69153 acc 0.49293 auc 0.49902 mcc 0.00323
2019-01-02 09:45:03,136 INFO After 2000 steps, cost is 0.68831 acc 0.49656 auc 0.49910 mcc 0.00291
2019-01-02 09:45:15,331 INFO After 2100 steps, cost is 0.68061 acc 0.49583 auc 0.49914 mcc 0.00422
2019-01-02 09:45:27,726 INFO After 2200 steps, cost is 0.69197 acc 0.49744 auc 0.49918 mcc 0.00468
2019-01-02 09:45:40,380 INFO After 2300 steps, cost is 0.69127 acc 0.49647 auc 0.49919 mcc 0.00345
2019-01-02 09:45:53,177 INFO After 2400 steps, cost is 0.69167 acc 0.49740 auc 0.49925 mcc 0.00396
2019-01-02 09:46:06,529 INFO After 2500 steps, cost is 0.69483 acc 0.49875 auc 0.49928 mcc 0.00429
2019-01-02 09:46:19,541 INFO After 2600 steps, cost is 0.68259 acc 0.49784 auc 0.49930 mcc 0.00523
2019-01-02 09:46:32,060 INFO After 2700 steps, cost is 0.71508 acc 0.49757 auc 0.49933 mcc 0.00489
2019-01-02 09:46:44,528 INFO After 2800 steps, cost is 0.69526 acc 0.49844 auc 0.49935 mcc 0.00445
2019-01-02 09:46:56,760 INFO After 2900 steps, cost is 0.69246 acc 0.49871 auc 0.49937 mcc 0.00412
2019-01-02 09:47:09,333 INFO After 3000 steps, cost is 0.69352 acc 0.49896 auc 0.49935 mcc 0.00381
2019-01-02 09:47:22,713 INFO After 3100 steps, cost is 0.69244 acc 0.49839 auc 0.49937 mcc 0.00387
2019-01-02 09:47:35,620 INFO After 3200 steps, cost is 0.69142 acc 0.49912 auc 0.49939 mcc 0.00380
2019-01-02 09:47:48,029 INFO After 3300 steps, cost is 0.68396 acc 0.49915 auc 0.49940 mcc 0.00414
2019-01-02 09:48:00,470 INFO After 3400 steps, cost is 0.68983 acc 0.49862 auc 0.49942 mcc 0.00441
2019-01-02 09:48:12,843 INFO After 3500 steps, cost is 0.71996 acc 0.49938 auc 0.49944 mcc 0.00450
2019-01-02 09:48:25,448 INFO After 3600 steps, cost is 0.69171 acc 0.49861 auc 0.49945 mcc 0.00407
2019-01-02 09:48:37,925 INFO After 3700 steps, cost is 0.69441 acc 0.49916 auc 0.49947 mcc 0.00446
2019-01-02 09:48:51,287 INFO After 3800 steps, cost is 0.69248 acc 0.49836 auc 0.49951 mcc 0.00403
2019-01-02 09:49:03,759 INFO After 3900 steps, cost is 0.69249 acc 0.49824 auc 0.49952 mcc 0.00359
2019-01-02 09:49:16,047 INFO After 4000 steps, cost is 0.69288 acc 0.49820 auc 0.49946 mcc 0.00356
2019-01-02 09:49:28,858 INFO After 4100 steps, cost is 0.69309 acc 0.49825 auc 0.49951 mcc 0.00353
2019-01-02 09:49:43,236 INFO After 4200 steps, cost is 0.69264 acc 0.49874 auc 0.49965 mcc 0.00408
2019-01-02 09:53:38,213 INFO embedding_size:50, max_num_news:10,lr:0.001, batch_size:32, num_head:4, drop_out:0.0, num_step:10
2019-01-02 09:54:51,556 INFO total parameters: 3357
2019-01-02 09:54:51,556 INFO In iteration: 1
2019-01-02 11:35:53,850 INFO embedding_size:50, max_num_news:10, lr:0.001, batch_size:32, num_head:4, drop_out:0.0, num_step:10
2019-01-02 11:37:04,034 INFO total parameters: 3357
2019-01-02 11:37:04,034 INFO In iteration: 1
2019-01-02 11:39:43,807 INFO After 100 steps, cost is 0.69305 acc 0.48750 auc 0.49062 mcc 0.06754
2019-01-02 11:39:55,994 INFO After 200 steps, cost is 0.69473 acc 0.49062 auc 0.49531 mcc 0.00000
2019-01-02 11:40:08,322 INFO After 300 steps, cost is 0.69304 acc 0.48333 auc 0.49061 mcc 0.03253
2019-01-02 11:40:20,609 INFO After 400 steps, cost is 0.69278 acc 0.49062 auc 0.49367 mcc 0.00000
2019-01-02 11:40:33,228 INFO After 500 steps, cost is 0.69433 acc 0.49312 auc 0.49686 mcc 0.18687
2019-01-02 11:40:46,207 INFO After 600 steps, cost is 0.69265 acc 0.49010 auc 0.49684 mcc 0.00000
